<?xml version="1.0" encoding="UTF-8"?>
<!-- Generated by org.testng.reporters.JUnitReportReporter -->
<testsuite hostname="HiccupDaDrgn" failures="0" tests="1" name="tests.song.SongTests" time="8.277" errors="0" timestamp="2021-01-14T11:41:51 PKT" skipped="0">
  <testcase classname="tests.song.SongTests" name="songVerification" time="8.277"/>
  <system-out/>
</testsuite> <!-- tests.song.SongTests -->
